/*C29*/SET SCHEMA PUBLIC
DISCONNECT
/*C30*/SET SCHEMA PUBLIC
DISCONNECT
/*C31*/SET SCHEMA PUBLIC
DISCONNECT
/*C32*/SET SCHEMA PUBLIC
DISCONNECT
/*C33*/SET SCHEMA PUBLIC
DISCONNECT
/*C34*/SET SCHEMA PUBLIC
DISCONNECT
/*C35*/SET SCHEMA PUBLIC
DISCONNECT
/*C36*/SET SCHEMA PUBLIC
DISCONNECT
/*C37*/SET SCHEMA PUBLIC
DISCONNECT
/*C38*/SET SCHEMA PUBLIC
DISCONNECT
/*C39*/SET SCHEMA PUBLIC
DISCONNECT
/*C40*/SET SCHEMA PUBLIC
DISCONNECT
/*C41*/SET SCHEMA PUBLIC
INSERT INTO COMMONNEWS VALUES(100,'\u041d\u043e\u0432\u043e\u0441\u0442\u044c \u0438\u0437 \u0431\u0443\u0434\u0443\u0449\u0435\u0433\u043e','\u042d\u0442\u0443 \u043d\u043e\u0432\u043e\u0441\u0442\u044c \u043c\u043e\u0436\u0435\u0442 \u0432\u0438\u0434\u0435\u0442\u044c \u0442\u043e\u043b\u044c\u043a\u043e \u0430\u0434\u043c\u0438\u043d\u0438\u0441\u0442\u0440\u0430\u0442\u043e\u0440',0,'2028-08-12 00:00:00.000000',1)
COMMIT
DISCONNECT
/*C42*/SET SCHEMA PUBLIC
DISCONNECT
/*C43*/SET SCHEMA PUBLIC
DISCONNECT
/*C44*/SET SCHEMA PUBLIC
DISCONNECT
/*C45*/SET SCHEMA PUBLIC
DISCONNECT
/*C46*/SET SCHEMA PUBLIC
INSERT INTO COMMONNEWS VALUES(101,'\u042d\u0442\u043e \u043d\u043e\u0432\u043e\u0441\u0442\u044c \u0438\u0437 \u043f\u0440\u043e\u0448\u043b\u043e\u0433\u043e','\u041d\u043e\u0432\u043e\u0441\u0442\u044c \u0438\u0437 \u043f\u0440\u043e\u0448\u043b\u043e\u0433\u043e, \u043e\u043d\u0430 \u0432\u0430\u0436\u043d\u0430\u044f!',0,'2020-08-12 00:00:00.000000',0)
COMMIT
DISCONNECT
/*C47*/SET SCHEMA PUBLIC
DISCONNECT
/*C48*/SET SCHEMA PUBLIC
DISCONNECT
/*C49*/SET SCHEMA PUBLIC
DISCONNECT
/*C50*/SET SCHEMA PUBLIC
DISCONNECT
/*C51*/SET SCHEMA PUBLIC
INSERT INTO COMMONNEWS VALUES(102,'\u0421\u0432\u0435\u0436\u0430\u044f \u043d\u043e\u0432\u043e\u0441\u0442\u044c','\u042d\u0442\u043e \u0430\u043a\u0442\u0443\u0430\u043b\u044c\u043d\u0430\u044f \u043d\u043e\u0432\u043e\u0441\u0442\u044c!!',0,'2021-08-11 00:00:00.000000',1)
COMMIT
DISCONNECT
/*C52*/SET SCHEMA PUBLIC
DISCONNECT
/*C53*/SET SCHEMA PUBLIC
DISCONNECT
/*C54*/SET SCHEMA PUBLIC
DISCONNECT
/*C55*/SET SCHEMA PUBLIC
DISCONNECT
/*C56*/SET SCHEMA PUBLIC
DISCONNECT
/*C57*/SET SCHEMA PUBLIC
INSERT INTO COMMONNEWS VALUES(103,'\u041d\u043e\u0432\u043e\u0441\u0442\u044c \u0437\u0430 12 \u0447\u0438\u0441\u043b\u043e','\u042d\u0442\u043e \u043d\u043e\u0432\u043e\u0441\u0442\u044c \u0441\u0435\u0433\u043e\u0434\u043d\u044f\u0448\u043d\u044f\u044f',0,'2021-08-12 00:00:00.000000',0)
COMMIT
DISCONNECT
/*C58*/SET SCHEMA PUBLIC
DISCONNECT
/*C59*/SET SCHEMA PUBLIC
DISCONNECT
/*C60*/SET SCHEMA PUBLIC
DISCONNECT
/*C61*/SET SCHEMA PUBLIC
DISCONNECT
/*C62*/SET SCHEMA PUBLIC
DISCONNECT
/*C64*/SET SCHEMA PUBLIC
DISCONNECT
/*C65*/SET SCHEMA PUBLIC
DISCONNECT
/*C66*/SET SCHEMA PUBLIC
DELETE FROM COMMONNEWS WHERE NEW_COM_ID=103 AND TITLE='\u041d\u043e\u0432\u043e\u0441\u0442\u044c \u0437\u0430 12 \u0447\u0438\u0441\u043b\u043e' AND TEXT='\u042d\u0442\u043e \u043d\u043e\u0432\u043e\u0441\u0442\u044c \u0441\u0435\u0433\u043e\u0434\u043d\u044f\u0448\u043d\u044f\u044f' AND AUTHOR_ID=0 AND DATE='2021-08-12 00:00:00.000000' AND TAG_ID=0
INSERT INTO COMMONNEWS VALUES(103,' \u041d\u043e\u0432\u043e\u0441\u0442\u044c \u0437\u0430 12 \u0447\u0438\u0441\u043b\u043e','\u042d\u0442\u043e \u043d\u043e\u0432\u043e\u0441\u0442\u044c \u0441\u0435\u0433\u043e\u0434\u043d\u044f\u0448\u043d\u044f\u044f',0,'2021-08-12 00:00:00.000000',1)
COMMIT
DISCONNECT
/*C67*/SET SCHEMA PUBLIC
DISCONNECT
/*C68*/SET SCHEMA PUBLIC
DISCONNECT
/*C69*/SET SCHEMA PUBLIC
DISCONNECT
/*C71*/SET SCHEMA PUBLIC
DISCONNECT
/*C72*/SET SCHEMA PUBLIC
DISCONNECT
/*C74*/SET SCHEMA PUBLIC
DISCONNECT
/*C75*/SET SCHEMA PUBLIC
DISCONNECT
/*C76*/SET SCHEMA PUBLIC
DELETE FROM COMMONNEWS WHERE NEW_COM_ID=103 AND TITLE=' \u041d\u043e\u0432\u043e\u0441\u0442\u044c \u0437\u0430 12 \u0447\u0438\u0441\u043b\u043e' AND TEXT='\u042d\u0442\u043e \u043d\u043e\u0432\u043e\u0441\u0442\u044c \u0441\u0435\u0433\u043e\u0434\u043d\u044f\u0448\u043d\u044f\u044f' AND AUTHOR_ID=0 AND DATE='2021-08-12 00:00:00.000000' AND TAG_ID=1
INSERT INTO COMMONNEWS VALUES(103,'\u041d\u043e\u0432\u043e\u0441\u0442\u044c \u0437\u0430 12 \u0447\u0438\u0441\u043b\u043e','\u042d\u0442\u043e \u043d\u043e\u0432\u043e\u0441\u0442\u044c \u0441\u0435\u0433\u043e\u0434\u043d\u044f\u0448\u043d\u044f\u044f',0,'2021-12-08 00:00:00.000000',0)
COMMIT
DISCONNECT
/*C77*/SET SCHEMA PUBLIC
DISCONNECT
/*C78*/SET SCHEMA PUBLIC
DISCONNECT
/*C79*/SET SCHEMA PUBLIC
DISCONNECT
/*C80*/SET SCHEMA PUBLIC
DISCONNECT
/*C81*/SET SCHEMA PUBLIC
DISCONNECT
/*C82*/SET SCHEMA PUBLIC
INSERT INTO COMMONNEWS VALUES(104,'\u0423\u0434\u0430\u043b\u0435\u043d\u0438\u0435','\u0432\u0432\u0443\u0430',0,'1990-02-23 00:00:00.000000',1)
COMMIT
DISCONNECT
/*C83*/SET SCHEMA PUBLIC
DISCONNECT
/*C84*/SET SCHEMA PUBLIC
DISCONNECT
/*C85*/SET SCHEMA PUBLIC
DISCONNECT
/*C87*/SET SCHEMA PUBLIC
DISCONNECT
/*C88*/SET SCHEMA PUBLIC
DISCONNECT
/*C90*/SET SCHEMA PUBLIC
DISCONNECT
/*C91*/SET SCHEMA PUBLIC
DELETE FROM COMMONNEWS WHERE NEW_COM_ID=104 AND TITLE='\u0423\u0434\u0430\u043b\u0435\u043d\u0438\u0435' AND TEXT='\u0432\u0432\u0443\u0430' AND AUTHOR_ID=0 AND DATE='1990-02-23 00:00:00.000000' AND TAG_ID=1
COMMIT
DISCONNECT
/*C92*/SET SCHEMA PUBLIC
DISCONNECT
/*C93*/SET SCHEMA PUBLIC
DISCONNECT
/*C95*/SET SCHEMA PUBLIC
DISCONNECT
/*C97*/SET SCHEMA PUBLIC
DISCONNECT
/*C98*/SET SCHEMA PUBLIC
DISCONNECT
/*C100*/SET SCHEMA PUBLIC
DISCONNECT
/*C101*/SET SCHEMA PUBLIC
DISCONNECT
/*C103*/SET SCHEMA PUBLIC
DISCONNECT
